[debug] [2020-06-11T08:39:42.159Z] ----------------------------------------------------------------------
[debug] [2020-06-11T08:39:42.161Z] Command:       /Users/edbera/.meteor/packages/meteor-tool/.1.8.1.1uk08nk++os.osx.x86_64+web.browser+web.browser.legacy+web.cordova/mt-os.osx.x86_64/dev_bundle/bin/node /Users/edbera/.meteor/packages/meteor-tool/.1.8.1.1uk08nk++os.osx.x86_64+web.browser+web.browser.legacy+web.cordova/mt-os.osx.x86_64/dev_bundle/bin/firebase init
[debug] [2020-06-11T08:39:42.162Z] CLI Version:   8.4.2
[debug] [2020-06-11T08:39:42.162Z] Platform:      darwin
[debug] [2020-06-11T08:39:42.162Z] Node Version:  v8.15.1
[debug] [2020-06-11T08:39:42.163Z] Time:          Thu Jun 11 2020 17:39:42 GMT+0900 (KST)
[debug] [2020-06-11T08:39:42.163Z] ----------------------------------------------------------------------
[debug] [2020-06-11T08:39:42.163Z] 
[debug] [2020-06-11T08:39:42.169Z] > command requires scopes: ["email","openid","https://www.googleapis.com/auth/cloudplatformprojects.readonly","https://www.googleapis.com/auth/firebase","https://www.googleapis.com/auth/cloud-platform"]
[debug] [2020-06-11T08:39:42.169Z] > authorizing via signed-in user
[info] 
     ######## #### ########  ######## ########     ###     ######  ########
     ##        ##  ##     ## ##       ##     ##  ##   ##  ##       ##
     ######    ##  ########  ######   ########  #########  ######  ######
     ##        ##  ##    ##  ##       ##     ## ##     ##       ## ##
     ##       #### ##     ## ######## ########  ##     ##  ######  ########

You're about to initialize a Firebase project in this directory:

  /Users/edbera/dev/test-admin

[info] 
=== Project Setup
[info] 
[info] First, let's associate this project directory with a Firebase project.
[info] You can create multiple project aliases by running firebase use --add, 
[info] but for now we'll just set up a default project.
[info] 
[debug] [2020-06-11T08:39:54.795Z] > refreshing access token with scopes: ["email","https://www.googleapis.com/auth/cloud-platform","https://www.googleapis.com/auth/cloudplatformprojects.readonly","https://www.googleapis.com/auth/firebase","openid"]
[debug] [2020-06-11T08:39:54.795Z] >>> HTTP REQUEST POST https://www.googleapis.com/oauth2/v3/token  
 <request body omitted>
[debug] [2020-06-11T08:39:55.234Z] <<< HTTP RESPONSE 400 {"content-type":"application/json; charset=utf-8","vary":"X-Origin, Referer, Origin,Accept-Encoding","date":"Thu, 11 Jun 2020 08:39:55 GMT","server":"scaffolding on HTTPServer2","cache-control":"private","x-xss-protection":"0","x-frame-options":"SAMEORIGIN","x-content-type-options":"nosniff","alt-svc":"h3-27=\":443\"; ma=2592000,h3-25=\":443\"; ma=2592000,h3-T050=\":443\"; ma=2592000,h3-Q050=\":443\"; ma=2592000,h3-Q049=\":443\"; ma=2592000,h3-Q048=\":443\"; ma=2592000,h3-Q046=\":443\"; ma=2592000,h3-Q043=\":443\"; ma=2592000,quic=\":443\"; ma=2592000; v=\"46,43\"","accept-ranges":"none","transfer-encoding":"chunked"}
[debug] [2020-06-11T08:39:55.236Z] >>> HTTP REQUEST GET https://firebase.googleapis.com/v1beta1/availableProjects?pageSize=100  
 
[debug] [2020-06-11T08:39:55.609Z] <<< HTTP RESPONSE 401 {"www-authenticate":"Bearer realm=\"https://accounts.google.com/\", error=\"invalid_token\"","vary":"X-Origin, Referer, Origin,Accept-Encoding","content-type":"application/json; charset=UTF-8","date":"Thu, 11 Jun 2020 08:39:55 GMT","server":"ESF","cache-control":"private","x-xss-protection":"0","x-frame-options":"SAMEORIGIN","x-content-type-options":"nosniff","alt-svc":"h3-27=\":443\"; ma=2592000,h3-25=\":443\"; ma=2592000,h3-T050=\":443\"; ma=2592000,h3-Q050=\":443\"; ma=2592000,h3-Q049=\":443\"; ma=2592000,h3-Q048=\":443\"; ma=2592000,h3-Q046=\":443\"; ma=2592000,h3-Q043=\":443\"; ma=2592000,quic=\":443\"; ma=2592000; v=\"46,43\"","accept-ranges":"none","transfer-encoding":"chunked"}
[debug] [2020-06-11T08:39:55.609Z] <<< HTTP RESPONSE BODY {"error":{"code":401,"message":"Request had invalid authentication credentials. Expected OAuth 2 access token, login cookie or other valid authentication credential. See https://developers.google.com/identity/sign-in/web/devconsole-project.","status":"UNAUTHENTICATED"}}
[debug] [2020-06-11T08:39:55.610Z] HTTP Error: 401, Request had invalid authentication credentials. Expected OAuth 2 access token, login cookie or other valid authentication credential. See https://developers.google.com/identity/sign-in/web/devconsole-project.
[debug] [2020-06-11T08:39:55.842Z] FirebaseError: HTTP Error: 401, Request had invalid authentication credentials. Expected OAuth 2 access token, login cookie or other valid authentication credential. See https://developers.google.com/identity/sign-in/web/devconsole-project.
    at module.exports (/Users/edbera/.meteor/packages/meteor-tool/.1.8.1.1uk08nk++os.osx.x86_64+web.browser+web.browser.legacy+web.cordova/mt-os.osx.x86_64/dev_bundle/lib/node_modules/firebase-tools/lib/responseToError.js:38:12)
    at Request._callback (/Users/edbera/.meteor/packages/meteor-tool/.1.8.1.1uk08nk++os.osx.x86_64+web.browser+web.browser.legacy+web.cordova/mt-os.osx.x86_64/dev_bundle/lib/node_modules/firebase-tools/lib/api.js:41:35)
    at Request.self.callback (/Users/edbera/.meteor/packages/meteor-tool/.1.8.1.1uk08nk++os.osx.x86_64+web.browser+web.browser.legacy+web.cordova/mt-os.osx.x86_64/dev_bundle/lib/node_modules/firebase-tools/node_modules/request/request.js:185:22)
    at emitTwo (events.js:126:13)
    at Request.emit (events.js:214:7)
    at Request.<anonymous> (/Users/edbera/.meteor/packages/meteor-tool/.1.8.1.1uk08nk++os.osx.x86_64+web.browser+web.browser.legacy+web.cordova/mt-os.osx.x86_64/dev_bundle/lib/node_modules/firebase-tools/node_modules/request/request.js:1154:10)
    at emitOne (events.js:116:13)
    at Request.emit (events.js:211:7)
    at IncomingMessage.<anonymous> (/Users/edbera/.meteor/packages/meteor-tool/.1.8.1.1uk08nk++os.osx.x86_64+web.browser+web.browser.legacy+web.cordova/mt-os.osx.x86_64/dev_bundle/lib/node_modules/firebase-tools/node_modules/request/request.js:1076:12)
    at Object.onceWrapper (events.js:313:30)
    at emitNone (events.js:111:20)
    at IncomingMessage.emit (events.js:208:7)
    at endReadableNT (_stream_readable.js:1064:12)
    at _combinedTickCallback (internal/process/next_tick.js:139:11)
    at process._tickDomainCallback (internal/process/next_tick.js:219:9)
[error] 
[error] Error: Failed to list available Google Cloud Platform projects. See firebase-debug.log for more info.
[debug] [2020-06-11T08:40:02.055Z] ----------------------------------------------------------------------
[debug] [2020-06-11T08:40:02.058Z] Command:       /Users/edbera/.meteor/packages/meteor-tool/.1.8.1.1uk08nk++os.osx.x86_64+web.browser+web.browser.legacy+web.cordova/mt-os.osx.x86_64/dev_bundle/bin/node /Users/edbera/.meteor/packages/meteor-tool/.1.8.1.1uk08nk++os.osx.x86_64+web.browser+web.browser.legacy+web.cordova/mt-os.osx.x86_64/dev_bundle/bin/firebase init
[debug] [2020-06-11T08:40:02.058Z] CLI Version:   8.4.2
[debug] [2020-06-11T08:40:02.058Z] Platform:      darwin
[debug] [2020-06-11T08:40:02.058Z] Node Version:  v8.15.1
[debug] [2020-06-11T08:40:02.059Z] Time:          Thu Jun 11 2020 17:40:02 GMT+0900 (KST)
[debug] [2020-06-11T08:40:02.059Z] ----------------------------------------------------------------------
[debug] [2020-06-11T08:40:02.059Z] 
[debug] [2020-06-11T08:40:02.065Z] > command requires scopes: ["email","openid","https://www.googleapis.com/auth/cloudplatformprojects.readonly","https://www.googleapis.com/auth/firebase","https://www.googleapis.com/auth/cloud-platform"]
[debug] [2020-06-11T08:40:02.065Z] > authorizing via signed-in user
[info] 
     ######## #### ########  ######## ########     ###     ######  ########
     ##        ##  ##     ## ##       ##     ##  ##   ##  ##       ##
     ######    ##  ########  ######   ########  #########  ######  ######
     ##        ##  ##    ##  ##       ##     ## ##     ##       ## ##
     ##       #### ##     ## ######## ########  ##     ##  ######  ########

You're about to initialize a Firebase project in this directory:

  /Users/edbera/dev/test-admin

[info] 
=== Project Setup
[info] 
[info] First, let's associate this project directory with a Firebase project.
[info] You can create multiple project aliases by running firebase use --add, 
[info] but for now we'll just set up a default project.
[info] 
[info] i  If you want to create a project in a Google Cloud organization or folder, please use "firebase projects:create" instead, and return to this command when you've created the project. 
[debug] [2020-06-11T08:40:14.866Z] > refreshing access token with scopes: ["email","https://www.googleapis.com/auth/cloud-platform","https://www.googleapis.com/auth/cloudplatformprojects.readonly","https://www.googleapis.com/auth/firebase","openid"]
[debug] [2020-06-11T08:40:14.867Z] >>> HTTP REQUEST POST https://www.googleapis.com/oauth2/v3/token  
 <request body omitted>
[debug] [2020-06-11T08:40:15.232Z] <<< HTTP RESPONSE 400 {"content-type":"application/json; charset=utf-8","vary":"X-Origin, Referer, Origin,Accept-Encoding","date":"Thu, 11 Jun 2020 08:40:15 GMT","server":"scaffolding on HTTPServer2","cache-control":"private","x-xss-protection":"0","x-frame-options":"SAMEORIGIN","x-content-type-options":"nosniff","alt-svc":"h3-27=\":443\"; ma=2592000,h3-25=\":443\"; ma=2592000,h3-T050=\":443\"; ma=2592000,h3-Q050=\":443\"; ma=2592000,h3-Q049=\":443\"; ma=2592000,h3-Q048=\":443\"; ma=2592000,h3-Q046=\":443\"; ma=2592000,h3-Q043=\":443\"; ma=2592000,quic=\":443\"; ma=2592000; v=\"46,43\"","accept-ranges":"none","transfer-encoding":"chunked"}
[debug] [2020-06-11T08:40:15.234Z] >>> HTTP REQUEST POST https://cloudresourcemanager.googleapis.com/v1/projects  
 {"projectId":"sunmoon","name":"sunmoon-salon"}
[debug] [2020-06-11T08:40:16.055Z] <<< HTTP RESPONSE 401 {"www-authenticate":"Bearer realm=\"https://accounts.google.com/\", error=\"invalid_token\"","vary":"X-Origin, Referer, Origin,Accept-Encoding","content-type":"application/json; charset=UTF-8","date":"Thu, 11 Jun 2020 08:40:15 GMT","server":"ESF","cache-control":"private","x-xss-protection":"0","x-frame-options":"SAMEORIGIN","x-content-type-options":"nosniff","server-timing":"gfet4t7; dur=533","alt-svc":"h3-27=\":443\"; ma=2592000,h3-25=\":443\"; ma=2592000,h3-T050=\":443\"; ma=2592000,h3-Q050=\":443\"; ma=2592000,h3-Q049=\":443\"; ma=2592000,h3-Q048=\":443\"; ma=2592000,h3-Q046=\":443\"; ma=2592000,h3-Q043=\":443\"; ma=2592000,quic=\":443\"; ma=2592000; v=\"46,43\"","accept-ranges":"none","transfer-encoding":"chunked"}
[debug] [2020-06-11T08:40:16.055Z] <<< HTTP RESPONSE BODY {"error":{"code":401,"message":"Request had invalid authentication credentials. Expected OAuth 2 access token, login cookie or other valid authentication credential. See https://developers.google.com/identity/sign-in/web/devconsole-project.","status":"UNAUTHENTICATED"}}
[debug] [2020-06-11T08:40:16.402Z] FirebaseError: HTTP Error: 401, Request had invalid authentication credentials. Expected OAuth 2 access token, login cookie or other valid authentication credential. See https://developers.google.com/identity/sign-in/web/devconsole-project.
    at module.exports (/Users/edbera/.meteor/packages/meteor-tool/.1.8.1.1uk08nk++os.osx.x86_64+web.browser+web.browser.legacy+web.cordova/mt-os.osx.x86_64/dev_bundle/lib/node_modules/firebase-tools/lib/responseToError.js:38:12)
    at Request._callback (/Users/edbera/.meteor/packages/meteor-tool/.1.8.1.1uk08nk++os.osx.x86_64+web.browser+web.browser.legacy+web.cordova/mt-os.osx.x86_64/dev_bundle/lib/node_modules/firebase-tools/lib/api.js:41:35)
    at Request.self.callback (/Users/edbera/.meteor/packages/meteor-tool/.1.8.1.1uk08nk++os.osx.x86_64+web.browser+web.browser.legacy+web.cordova/mt-os.osx.x86_64/dev_bundle/lib/node_modules/firebase-tools/node_modules/request/request.js:185:22)
    at emitTwo (events.js:126:13)
    at Request.emit (events.js:214:7)
    at Request.<anonymous> (/Users/edbera/.meteor/packages/meteor-tool/.1.8.1.1uk08nk++os.osx.x86_64+web.browser+web.browser.legacy+web.cordova/mt-os.osx.x86_64/dev_bundle/lib/node_modules/firebase-tools/node_modules/request/request.js:1154:10)
    at emitOne (events.js:116:13)
    at Request.emit (events.js:211:7)
    at IncomingMessage.<anonymous> (/Users/edbera/.meteor/packages/meteor-tool/.1.8.1.1uk08nk++os.osx.x86_64+web.browser+web.browser.legacy+web.cordova/mt-os.osx.x86_64/dev_bundle/lib/node_modules/firebase-tools/node_modules/request/request.js:1076:12)
    at Object.onceWrapper (events.js:313:30)
    at emitNone (events.js:111:20)
    at IncomingMessage.emit (events.js:208:7)
    at endReadableNT (_stream_readable.js:1064:12)
    at _combinedTickCallback (internal/process/next_tick.js:139:11)
    at process._tickDomainCallback (internal/process/next_tick.js:219:9)
[error] 
[error] Error: Failed to create project. See firebase-debug.log for more info.
[debug] [2020-06-11T08:51:46.270Z] ----------------------------------------------------------------------
[debug] [2020-06-11T08:51:46.272Z] Command:       /Users/edbera/.meteor/packages/meteor-tool/.1.8.1.1uk08nk++os.osx.x86_64+web.browser+web.browser.legacy+web.cordova/mt-os.osx.x86_64/dev_bundle/bin/node /Users/edbera/.meteor/packages/meteor-tool/.1.8.1.1uk08nk++os.osx.x86_64+web.browser+web.browser.legacy+web.cordova/mt-os.osx.x86_64/dev_bundle/bin/firebase init
[debug] [2020-06-11T08:51:46.273Z] CLI Version:   8.4.2
[debug] [2020-06-11T08:51:46.273Z] Platform:      darwin
[debug] [2020-06-11T08:51:46.273Z] Node Version:  v8.15.1
[debug] [2020-06-11T08:51:46.274Z] Time:          Thu Jun 11 2020 17:51:46 GMT+0900 (KST)
[debug] [2020-06-11T08:51:46.274Z] ----------------------------------------------------------------------
[debug] [2020-06-11T08:51:46.274Z] 
[debug] [2020-06-11T08:51:46.281Z] > command requires scopes: ["email","openid","https://www.googleapis.com/auth/cloudplatformprojects.readonly","https://www.googleapis.com/auth/firebase","https://www.googleapis.com/auth/cloud-platform"]
[debug] [2020-06-11T08:51:46.282Z] > authorizing via signed-in user
[info] 
     ######## #### ########  ######## ########     ###     ######  ########
     ##        ##  ##     ## ##       ##     ##  ##   ##  ##       ##
     ######    ##  ########  ######   ########  #########  ######  ######
     ##        ##  ##    ##  ##       ##     ## ##     ##       ## ##
     ##       #### ##     ## ######## ########  ##     ##  ######  ########

You're about to initialize a Firebase project in this directory:

  /Users/edbera/dev/test-admin

[info] 
=== Project Setup
[info] 
[info] First, let's associate this project directory with a Firebase project.
[info] You can create multiple project aliases by running firebase use --add, 
[info] but for now we'll just set up a default project.
[info] 
[info] i  If you want to create a project in a Google Cloud organization or folder, please use "firebase projects:create" instead, and return to this command when you've created the project. 
[debug] [2020-06-11T08:53:26.377Z] > refreshing access token with scopes: ["email","https://www.googleapis.com/auth/cloud-platform","https://www.googleapis.com/auth/cloudplatformprojects.readonly","https://www.googleapis.com/auth/firebase","openid"]
[debug] [2020-06-11T08:53:26.378Z] >>> HTTP REQUEST POST https://www.googleapis.com/oauth2/v3/token  
 <request body omitted>
[debug] [2020-06-11T08:53:26.684Z] <<< HTTP RESPONSE 400 {"content-type":"application/json; charset=utf-8","vary":"X-Origin, Referer, Origin,Accept-Encoding","date":"Thu, 11 Jun 2020 08:53:26 GMT","server":"scaffolding on HTTPServer2","cache-control":"private","x-xss-protection":"0","x-frame-options":"SAMEORIGIN","x-content-type-options":"nosniff","alt-svc":"h3-27=\":443\"; ma=2592000,h3-25=\":443\"; ma=2592000,h3-T050=\":443\"; ma=2592000,h3-Q050=\":443\"; ma=2592000,h3-Q049=\":443\"; ma=2592000,h3-Q048=\":443\"; ma=2592000,h3-Q046=\":443\"; ma=2592000,h3-Q043=\":443\"; ma=2592000,quic=\":443\"; ma=2592000; v=\"46,43\"","accept-ranges":"none","transfer-encoding":"chunked"}
[debug] [2020-06-11T08:53:26.686Z] >>> HTTP REQUEST POST https://cloudresourcemanager.googleapis.com/v1/projects  
 {"projectId":"sun","name":"sun"}
[debug] [2020-06-11T08:53:28.178Z] <<< HTTP RESPONSE 401 {"www-authenticate":"Bearer realm=\"https://accounts.google.com/\", error=\"invalid_token\"","vary":"X-Origin, Referer, Origin,Accept-Encoding","content-type":"application/json; charset=UTF-8","date":"Thu, 11 Jun 2020 08:53:27 GMT","server":"ESF","cache-control":"private","x-xss-protection":"0","x-frame-options":"SAMEORIGIN","x-content-type-options":"nosniff","server-timing":"gfet4t7; dur=534","alt-svc":"h3-27=\":443\"; ma=2592000,h3-25=\":443\"; ma=2592000,h3-T050=\":443\"; ma=2592000,h3-Q050=\":443\"; ma=2592000,h3-Q049=\":443\"; ma=2592000,h3-Q048=\":443\"; ma=2592000,h3-Q046=\":443\"; ma=2592000,h3-Q043=\":443\"; ma=2592000,quic=\":443\"; ma=2592000; v=\"46,43\"","accept-ranges":"none","transfer-encoding":"chunked"}
[debug] [2020-06-11T08:53:28.179Z] <<< HTTP RESPONSE BODY {"error":{"code":401,"message":"Request had invalid authentication credentials. Expected OAuth 2 access token, login cookie or other valid authentication credential. See https://developers.google.com/identity/sign-in/web/devconsole-project.","status":"UNAUTHENTICATED"}}
[debug] [2020-06-11T08:53:28.510Z] FirebaseError: HTTP Error: 401, Request had invalid authentication credentials. Expected OAuth 2 access token, login cookie or other valid authentication credential. See https://developers.google.com/identity/sign-in/web/devconsole-project.
    at module.exports (/Users/edbera/.meteor/packages/meteor-tool/.1.8.1.1uk08nk++os.osx.x86_64+web.browser+web.browser.legacy+web.cordova/mt-os.osx.x86_64/dev_bundle/lib/node_modules/firebase-tools/lib/responseToError.js:38:12)
    at Request._callback (/Users/edbera/.meteor/packages/meteor-tool/.1.8.1.1uk08nk++os.osx.x86_64+web.browser+web.browser.legacy+web.cordova/mt-os.osx.x86_64/dev_bundle/lib/node_modules/firebase-tools/lib/api.js:41:35)
    at Request.self.callback (/Users/edbera/.meteor/packages/meteor-tool/.1.8.1.1uk08nk++os.osx.x86_64+web.browser+web.browser.legacy+web.cordova/mt-os.osx.x86_64/dev_bundle/lib/node_modules/firebase-tools/node_modules/request/request.js:185:22)
    at emitTwo (events.js:126:13)
    at Request.emit (events.js:214:7)
    at Request.<anonymous> (/Users/edbera/.meteor/packages/meteor-tool/.1.8.1.1uk08nk++os.osx.x86_64+web.browser+web.browser.legacy+web.cordova/mt-os.osx.x86_64/dev_bundle/lib/node_modules/firebase-tools/node_modules/request/request.js:1154:10)
    at emitOne (events.js:116:13)
    at Request.emit (events.js:211:7)
    at IncomingMessage.<anonymous> (/Users/edbera/.meteor/packages/meteor-tool/.1.8.1.1uk08nk++os.osx.x86_64+web.browser+web.browser.legacy+web.cordova/mt-os.osx.x86_64/dev_bundle/lib/node_modules/firebase-tools/node_modules/request/request.js:1076:12)
    at Object.onceWrapper (events.js:313:30)
    at emitNone (events.js:111:20)
    at IncomingMessage.emit (events.js:208:7)
    at endReadableNT (_stream_readable.js:1064:12)
    at _combinedTickCallback (internal/process/next_tick.js:139:11)
    at process._tickDomainCallback (internal/process/next_tick.js:219:9)
[error] 
[error] Error: Failed to create project. See firebase-debug.log for more info.
